<?xml version="1.0" encoding="UTF-8"?>
<!-- Generated by org.testng.reporters.JUnitReportReporter -->
<testsuite skipped="0" hostname="Dell" name="Test.LoginTest" tests="1" failures="0" timestamp="2021-02-20T17:58:57 IST" time="5.749" errors="0">
  <testcase name="login" time="5.749" classname="Test.LoginTest"/>
  <system-out/>
</testsuite> <!-- Test.LoginTest -->
